test_loader_filtering (test_core_components.TestContextLoader.test_loader_filtering)
Test that context loader respects ignore rules. ... skipped 'Required modules not available'
test_hash_calculation (test_core_components.TestUniversalClipboard.test_hash_calculation)
Test that hashing is deterministic and accurate. ... skipped 'Required modules not available'
test_transcript_detection_negative (test_core_components.TestUniversalClipboard.test_transcript_detection_negative)
Test that normal code or text is NOT detected as transcript. ... skipped 'Required modules not available'
test_transcript_detection_positive (test_core_components.TestUniversalClipboard.test_transcript_detection_positive)
Test transcript detection logic on valid transcripts. ... skipped 'Required modules not available'
test_copy_template_file_skip_existing (test_core_setup.TestCoreSetup.test_copy_template_file_skip_existing) ... ok
test_copy_template_file_success (test_core_setup.TestCoreSetup.test_copy_template_file_success) ... ok
test_copy_templates (test_core_setup.TestCoreSetup.test_copy_templates) ... ok
test_create_directories (test_core_setup.TestCoreSetup.test_create_directories) ... ok
test_initialize_tracker_file (test_core_setup.TestCoreSetup.test_initialize_tracker_file) ... ok
test_install_extensions (test_core_setup.TestCoreSetup.test_install_extensions) ... ok
test_conductor_template_mapping (test_features.TestFeatureParity.test_conductor_template_mapping)
Regression Test: Verify commands that trigger Templates via Conductor-First Protocol. ... ok
test_full_command_inventory (test_features.TestFeatureParity.test_full_command_inventory)
Regression Test: Verify EVERY SINGLE command in README maps to a concrete implementation. ... ok
test_verify_scripts_existence (test_features.TestFeatureParity.test_verify_scripts_existence)
Verify that critical scripts mentioned in README exist. ... ok
test_extract_title_empty_content (test_gps_indexer.TestExtractTitle.test_extract_title_empty_content)
Test with empty content. ... ok
test_extract_title_filename_without_extension (test_gps_indexer.TestExtractTitle.test_extract_title_filename_without_extension)
Test filename processing without .md extension. ... ok
test_extract_title_h2_not_extracted (test_gps_indexer.TestExtractTitle.test_extract_title_h2_not_extracted)
Test that H2 is not mistaken for H1. ... ok
test_extract_title_no_h1_fallback_to_filename (test_gps_indexer.TestExtractTitle.test_extract_title_no_h1_fallback_to_filename)
Test fallback to filename when no H1 exists. ... ok
test_extract_title_with_h1_and_extra_whitespace (test_gps_indexer.TestExtractTitle.test_extract_title_with_h1_and_extra_whitespace)
Test extraction with extra whitespace around H1. ... ok
test_extract_title_with_h1_at_end_of_content (test_gps_indexer.TestExtractTitle.test_extract_title_with_h1_at_end_of_content)
Test H1 extraction when title is not at the beginning. ... ok
test_extract_title_with_h1_title (test_gps_indexer.TestExtractTitle.test_extract_title_with_h1_title)
Test extraction when H1 title exists. ... ok
test_extract_title_with_markdown_in_h1 (test_gps_indexer.TestExtractTitle.test_extract_title_with_markdown_in_h1)
Test H1 with markdown formatting inside. ... ok
test_extract_title_with_multiple_h1_titles (test_gps_indexer.TestExtractTitle.test_extract_title_with_multiple_h1_titles)
Test that first H1 is extracted when multiple exist. ... ok
test_realistic_brain_structure (test_gps_indexer.TestIntegration.test_realistic_brain_structure)
Test with a realistic brain folder structure. ... GPS Scanning Brain via Antigravity...
GPS Locked. Indexed 7 artifacts.
ok
test_scan_files_counts_files_correctly (test_gps_indexer.TestScanFiles.test_scan_files_counts_files_correctly)
Test that the file count is accurate. ... ok
test_scan_files_creates_index (test_gps_indexer.TestScanFiles.test_scan_files_creates_index)
Test that scan_files creates the index file. ... GPS Scanning Brain via Antigravity...
GPS Locked. Indexed 1 artifacts.
ok
test_scan_files_empty_directories (test_gps_indexer.TestScanFiles.test_scan_files_empty_directories)
Test scanning when all directories are empty. ... GPS Scanning Brain via Antigravity...
GPS Locked. Indexed 0 artifacts.
ok
test_scan_files_handles_nonexistent_folders (test_gps_indexer.TestScanFiles.test_scan_files_handles_nonexistent_folders)
Test that nonexistent folders are handled gracefully. ... GPS Scanning Brain via Antigravity...
GPS Locked. Indexed 1 artifacts.
ok
test_scan_files_handles_read_errors (test_gps_indexer.TestScanFiles.test_scan_files_handles_read_errors)
Test that file read errors are handled gracefully. ... GPS Scanning Brain via Antigravity...
GPS Locked. Indexed 1 artifacts.
ok
test_scan_files_handles_unicode (test_gps_indexer.TestScanFiles.test_scan_files_handles_unicode)
Test that unicode content is handled correctly. ... GPS Scanning Brain via Antigravity...
GPS Locked. Indexed 1 artifacts.
ok
test_scan_files_ignores_directories (test_gps_indexer.TestScanFiles.test_scan_files_ignores_directories)
Test that ignored directories are skipped. ... GPS Scanning Brain via Antigravity...
GPS Locked. Indexed 1 artifacts.
ok
test_scan_files_index_structure (test_gps_indexer.TestScanFiles.test_scan_files_index_structure)
Test that index entries have correct structure. ... GPS Scanning Brain via Antigravity...
GPS Locked. Indexed 1 artifacts.
ok
test_scan_files_indexes_markdown_files (test_gps_indexer.TestScanFiles.test_scan_files_indexes_markdown_files)
Test that markdown files are properly indexed. ... GPS Scanning Brain via Antigravity...
GPS Locked. Indexed 2 artifacts.
ok
test_scan_files_json_format (test_gps_indexer.TestScanFiles.test_scan_files_json_format)
Test that the JSON output is properly formatted. ... GPS Scanning Brain via Antigravity...
GPS Locked. Indexed 1 artifacts.
ok
test_scan_files_only_indexes_md_files (test_gps_indexer.TestScanFiles.test_scan_files_only_indexes_md_files)
Test that only .md files are indexed. ... GPS Scanning Brain via Antigravity...
GPS Locked. Indexed 1 artifacts.
ok
test_scan_files_path_format (test_gps_indexer.TestScanFiles.test_scan_files_path_format)
Test that paths are formatted correctly (forward slashes). ... GPS Scanning Brain via Antigravity...
GPS Locked. Indexed 1 artifacts.
ok
test_scan_files_recursive_scanning (test_gps_indexer.TestScanFiles.test_scan_files_recursive_scanning)
Test that subdirectories are scanned recursively. ... GPS Scanning Brain via Antigravity...
GPS Locked. Indexed 1 artifacts.
ok
test_scan_files_sorts_by_mtime (test_gps_indexer.TestScanFiles.test_scan_files_sorts_by_mtime)
Test that files are sorted by modification time (newest first). ... GPS Scanning Brain via Antigravity...
GPS Locked. Indexed 3 artifacts.
ok
test_check_anchor_rule_invalid (test_kernel.TestKernelUtils.test_check_anchor_rule_invalid)
Test that invalid paths fail the anchor rule. ... ok
test_check_anchor_rule_valid (test_kernel.TestKernelUtils.test_check_anchor_rule_valid)
Test that a valid company anchor passes. ... ok
test_check_privacy_rule_clean (test_kernel.TestKernelUtils.test_check_privacy_rule_clean)
Test that safe files pass privacy check. ... ok
test_check_privacy_rule_violation (test_kernel.TestKernelUtils.test_check_privacy_rule_violation)
Test that protected folders trigger privacy violation. ... ok
test_get_suggested_template (test_kernel.TestKernelUtils.test_get_suggested_template)
Test that intents map to correct templates. ... ok
test_end_to_end_job_processing (test_queue.TestAsyncQueue.test_end_to_end_job_processing)
Test that submitting a job and running the worker processes it. ... Picking up job: 1768698079_52413ab5-a208-4490-a9e2-8588678627ce.json
  Type: echo
  Echo: {'message': 'Hello World'}
  Job completed successfully.
ok
test_failed_job_handling (test_queue.TestAsyncQueue.test_failed_job_handling)
Test that invalid jobs move to failed. ... Picking up job: 1768698079_6d846e30-864b-4c8e-848c-db86d35053b2.json
  Type: invalid_type
  Job FAILED: Unknown job type: invalid_type
Traceback (most recent call last):
Traceback (most recent call last):
  File "C:\Users\admin-beats\OneDrive\xo Vibe Coding xo\beats-pm-antigravity-brain\Beats-PM-System\system\scripts\queue_worker.py", line 52, in process_job
    raise ValueError(f"Unknown job type: {job_type}")
  File "C:\Users\admin-beats\OneDrive\xo Vibe Coding xo\beats-pm-antigravity-brain\Beats-PM-System\system\scripts\queue_worker.py", line 52, in process_job
    raise ValueError(f"Unknown job type: {job_type}")
ValueError: Unknown job type: invalid_type
ValueError: Unknown job type: invalid_type
ok
test_queue_directories_exist (test_regression.TestAsyncQueue.test_queue_directories_exist) ... ok
test_all_commands_route_correctly (test_regression.TestCommandRouting.test_all_commands_route_correctly)
Every command must route to an existing skill or be a system command. ... ok
test_command_count (test_regression.TestCommandRouting.test_command_count)
Should test at least 45 commands. ... ok
test_critical_files_exist (test_regression.TestCriticalFiles.test_critical_files_exist) ... ok
test_required_folders_exist (test_regression.TestDirectoryStructure.test_required_folders_exist) ... ok
test_anchor_rule_invalid (test_regression.TestKernelUtils.test_anchor_rule_invalid)
Anchor rule should block non-standard paths. ... ok
test_anchor_rule_valid (test_regression.TestKernelUtils.test_anchor_rule_valid)
Anchor rule should allow standard folder paths. ... ok
test_privacy_rule (test_regression.TestKernelUtils.test_privacy_rule)
Privacy rule should detect protected folder leaks. ... ok
test_template_mapping (test_regression.TestKernelUtils.test_template_mapping)
All documented intents should map to templates. ... ok
test_all_skills_exist (test_regression.TestSkillsInventory.test_all_skills_exist) ... ok
test_core_scripts_exist (test_regression.TestSystemScripts.test_core_scripts_exist) ... ok
test_all_templates_exist (test_regression.TestTemplatesInventory.test_all_templates_exist) ... ok
test_fallback_behavior_defined (test_skills_validation.TestEdgeCases.test_fallback_behavior_defined)
Critical skills should define fallback behaviors. ... ok
test_fallback_triggers_exist (test_skills_validation.TestEdgeCases.test_fallback_triggers_exist)
Skills should have fallback patterns beyond just keywords. ... ok
test_no_hardcoded_pii (test_skills_validation.TestEdgeCases.test_no_hardcoded_pii)
Skills should not contain hardcoded PII. ... ok
test_valid_system_paths (test_skills_validation.TestEdgeCases.test_valid_system_paths)
Skills should reference valid file paths. ... ok
test_skill_files_load_quickly (test_skills_validation.TestProcessingSpeed.test_skill_files_load_quickly)
All skill files should load in <100ms combined. ... ok
test_skill_parsing_is_fast (test_skills_validation.TestProcessingSpeed.test_skill_parsing_is_fast)
Parsing skill content should be fast (<200ms). ... ok
test_skills_are_substantial (test_skills_validation.TestSkillSize.test_skills_are_substantial)
Enhanced skills should be at least 1KB each. ... ok
test_total_skills_size (test_skills_validation.TestSkillSize.test_total_skills_size)
Total skills size should be >50KB. ... ok
test_all_skills_have_activation_triggers (test_skills_validation.TestSkillStructure.test_all_skills_have_activation_triggers)
Each skill must define activation triggers. ... ok
test_all_skills_have_frontmatter (test_skills_validation.TestSkillStructure.test_all_skills_have_frontmatter)
Each skill must have YAML frontmatter with name and description. ... ok
test_boss_tracker_features (test_skills_validation.TestSkillStructure.test_boss_tracker_features)
Boss Tracker should have verbatim capture. ... ok
test_bug_chaser_features (test_skills_validation.TestSkillStructure.test_bug_chaser_features)
Bug Chaser should have severity matrix and SLA. ... ok
test_daily_synth_features (test_skills_validation.TestSkillStructure.test_daily_synth_features)
Daily synth should have time-adaptive intelligence. ... ok
test_delegation_manager_features (test_skills_validation.TestSkillStructure.test_delegation_manager_features)
Delegation Manager should have state machine. ... ok
test_meeting_synth_features (test_skills_validation.TestSkillStructure.test_meeting_synth_features)
Meeting Synth should have parallel extraction. ... ok
test_prd_author_features (test_skills_validation.TestSkillStructure.test_prd_author_features)
PRD Author should have RICE/MoSCoW scoring. ... ok
test_strategy_synth_features (test_skills_validation.TestSkillStructure.test_strategy_synth_features)
Strategy Synth should have OKR alignment. ... ok
test_valid_table_headers (test_skills_validation.TestTableFormats.test_valid_table_headers)
Tables should have proper header separators. ... ok
test_critical_files_exist (test_structure.TestSystemStructure.test_critical_files_exist)
Verify KERNEL, SETTINGS, and Skills exist. ... ok
test_required_directories_exist (test_structure.TestSystemStructure.test_required_directories_exist)
Verify all critical directories mandated by config exist. ... ok
test_skills_architecture (test_structure.TestSystemStructure.test_skills_architecture)
Verify that the Skills directory structure is valid (v3.0.0). ... ok
test_templates_exist (test_structure.TestSystemStructure.test_templates_exist)
Verify that standard templates exist. ... ok
test_archive_transcripts (test_vacuum.TestVacuum.test_archive_transcripts)
Test transcript archiving logic. ... 
Running Tiered Memory Migration...
  Hot -> Warm: 1 files
  Warm -> Cold: 1 files
ok
test_vacuum_tracker_file (test_vacuum.TestVacuum.test_vacuum_tracker_file)
Test that completed items are moved to archive. ... ok

----------------------------------------------------------------------
Ran 80 tests in 0.198s

OK (skipped=4)

TESTS PASSED.
